\BOOKMARK [0][-]{chapter.1}{Introduction}{}% 1
\BOOKMARK [0][-]{chapter.2}{Theory}{}% 2
\BOOKMARK [1][-]{section.2.1}{Laser trapping}{chapter.2}% 3
\BOOKMARK [1][-]{section.2.2}{Feedback Cooling}{chapter.2}% 4
\BOOKMARK [1][-]{section.2.3}{Cavity particle detection}{chapter.2}% 5
\BOOKMARK [1][-]{section.2.4}{Asymmetric cavity}{chapter.2}% 6
\BOOKMARK [1][-]{section.2.5}{Figures of merit}{chapter.2}% 7
\BOOKMARK [2][-]{subsection.2.5.1}{Information retrieval rate}{section.2.5}% 8
\BOOKMARK [2][-]{subsection.2.5.2}{Sensing factor}{section.2.5}% 9
\BOOKMARK [2][-]{subsection.2.5.3}{Detection efficiency}{section.2.5}% 10
\BOOKMARK [2][-]{subsection.2.5.4}{Medium-high finesse}{section.2.5}% 11
\BOOKMARK [0][-]{chapter.3}{Fabrication}{}% 12
\BOOKMARK [1][-]{section.3.1}{Requirements}{chapter.3}% 13
\BOOKMARK [2][-]{subsection.3.1.1}{Cavity Length}{section.3.1}% 14
\BOOKMARK [2][-]{subsection.3.1.2}{Radius of curvature}{section.3.1}% 15
\BOOKMARK [2][-]{subsection.3.1.3}{Surface roughness}{section.3.1}% 16
\BOOKMARK [1][-]{section.3.2}{Process}{chapter.3}% 17
\BOOKMARK [2][-]{subsection.3.2.1}{Cleaning}{section.3.2}% 18
\BOOKMARK [2][-]{subsection.3.2.2}{Stamp fabrication}{section.3.2}% 19
\BOOKMARK [2][-]{subsection.3.2.3}{Measurement}{section.3.2}% 20
\BOOKMARK [2][-]{subsection.3.2.4}{Silanization}{section.3.2}% 21
\BOOKMARK [2][-]{subsection.3.2.5}{Coverslip preparation}{section.3.2}% 22
\BOOKMARK [2][-]{subsection.3.2.6}{Mirror imprinting}{section.3.2}% 23
\BOOKMARK [2][-]{subsection.3.2.7}{Grinding}{section.3.2}% 24
\BOOKMARK [2][-]{subsection.3.2.8}{Cleaning}{section.3.2}% 25
\BOOKMARK [0][-]{chapter.4}{Results}{}% 26
\BOOKMARK [1][-]{section.4.1}{Stamp fabrication}{chapter.4}% 27
\BOOKMARK [1][-]{section.4.2}{Material properties}{chapter.4}% 28
\BOOKMARK [1][-]{section.4.3}{Mirror fabrication}{chapter.4}% 29
\BOOKMARK [2][-]{subsection.4.3.1}{Tip station imprinting}{section.4.3}% 30
\BOOKMARK [2][-]{subsection.4.3.2}{Inverted microscope imprinting}{section.4.3}% 31
\BOOKMARK [2][-]{subsection.4.3.3}{Grinding and results}{section.4.3}% 32
\BOOKMARK [1][-]{section.4.4}{Problems}{chapter.4}% 33
\BOOKMARK [1][-]{section.4.5}{Possible solutions/improvements}{chapter.4}% 34
\BOOKMARK [0][-]{chapter.5}{Summary and Outlook}{}% 35
\BOOKMARK [0][-]{appendix.A}{Appendix}{}% 36
\BOOKMARK [1][-]{section.A.1}{extract\137ROC.py}{appendix.A}% 37
\BOOKMARK [1][-]{section.A.2}{extract\137mirror\137dimensions.py}{appendix.A}% 38
\BOOKMARK [0][-]{chapter*.2}{Bibliography}{}% 39
